#-----------------------------------------------------------
# Vivado v2018.3 (64-bit)
# SW Build 2405991 on Thu Dec  6 23:38:27 MST 2018
# IP Build 2404404 on Fri Dec  7 01:43:56 MST 2018
# Start of session at: Sat Sep 28 22:45:13 2019
# Process ID: 12176
# Current directory: G:/done/SCID FINAL/Proiect SCID/SCID_Autorizatie/Autorizatie
# Command line: vivado.exe -gui_launcher_event rodinguilauncherevent6368 G:\done\SCID FINAL\Proiect SCID\SCID_Autorizatie\Autorizatie\Autorizatie.xpr
# Log file: G:/done/SCID FINAL/Proiect SCID/SCID_Autorizatie/Autorizatie/vivado.log
# Journal file: G:/done/SCID FINAL/Proiect SCID/SCID_Autorizatie/Autorizatie\vivado.jou
#-----------------------------------------------------------
start_gui
open_project {G:/done/SCID FINAL/Proiect SCID/SCID_Autorizatie/Autorizatie/Autorizatie.xpr}
INFO: [Project 1-313] Project file moved from 'C:/Users/stefa/Desktop/Proiect SCID/SCID_Autorizatie/Autorizatie' since last save.
Scanning sources...
Finished scanning sources
INFO: [IP_Flow 19-234] Refreshing IP repositories
INFO: [IP_Flow 19-1704] No user IP repositories specified
INFO: [IP_Flow 19-2313] Loaded Vivado IP repository 'E:/Xilinx/Vivado/2018.3/data/ip'.
open_project: Time (s): cpu = 00:00:34 ; elapsed = 00:00:36 . Memory (MB): peak = 769.031 ; gain = 191.840
update_compile_order -fileset sources_1
exit
INFO: [Common 17-206] Exiting Vivado at Sat Sep 28 22:47:20 2019...
