#-----------------------------------------------------------
# Vivado v2018.3 (64-bit)
# SW Build 2405991 on Thu Dec  6 23:38:27 MST 2018
# IP Build 2404404 on Fri Dec  7 01:43:56 MST 2018
# Start of session at: Sun May 26 21:04:20 2019
# Process ID: 20764
# Current directory: C:/Users/stefa/Desktop/Proiect SCID/SCID_Autorizatie/Autorizatie
# Command line: vivado.exe -gui_launcher_event rodinguilauncherevent7172 C:\Users\stefa\Desktop\Proiect SCID\SCID_Autorizatie\Autorizatie\Autorizatie.xpr
# Log file: C:/Users/stefa/Desktop/Proiect SCID/SCID_Autorizatie/Autorizatie/vivado.log
# Journal file: C:/Users/stefa/Desktop/Proiect SCID/SCID_Autorizatie/Autorizatie\vivado.jou
#-----------------------------------------------------------
start_gui
open_project {C:/Users/stefa/Desktop/Proiect SCID/SCID_Autorizatie/Autorizatie/Autorizatie.xpr}
Scanning sources...
Finished scanning sources
INFO: [IP_Flow 19-234] Refreshing IP repositories
INFO: [IP_Flow 19-1704] No user IP repositories specified
INFO: [IP_Flow 19-2313] Loaded Vivado IP repository 'E:/Xilinx/Vivado/2018.3/data/ip'.
open_project: Time (s): cpu = 00:00:40 ; elapsed = 00:00:22 . Memory (MB): peak = 761.809 ; gain = 160.250
update_compile_order -fileset sources_1
reset_run impl_1
launch_runs impl_1 -jobs 8
[Sun May 26 22:21:46 2019] Launched impl_1...
Run output will be captured here: C:/Users/stefa/Desktop/Proiect SCID/SCID_Autorizatie/Autorizatie/Autorizatie.runs/impl_1/runme.log
exit
INFO: [Common 17-206] Exiting Vivado at Mon May 27 10:39:55 2019...
