#-----------------------------------------------------------
# Vivado v2018.3 (64-bit)
# SW Build 2405991 on Thu Dec  6 23:38:27 MST 2018
# IP Build 2404404 on Fri Dec  7 01:43:56 MST 2018
# Start of session at: Thu May 30 21:19:04 2019
# Process ID: 16084
# Current directory: C:/Users/stefa/Desktop/Proiect SCID/SCID_Autorizatie/Autorizatie
# Command line: vivado.exe -gui_launcher_event rodinguilauncherevent11024 C:\Users\stefa\Desktop\Proiect SCID\SCID_Autorizatie\Autorizatie\Autorizatie.xpr
# Log file: C:/Users/stefa/Desktop/Proiect SCID/SCID_Autorizatie/Autorizatie/vivado.log
# Journal file: C:/Users/stefa/Desktop/Proiect SCID/SCID_Autorizatie/Autorizatie\vivado.jou
#-----------------------------------------------------------
start_gui
open_project {C:/Users/stefa/Desktop/Proiect SCID/SCID_Autorizatie/Autorizatie/Autorizatie.xpr}
Scanning sources...
Finished scanning sources
INFO: [IP_Flow 19-234] Refreshing IP repositories
INFO: [IP_Flow 19-1704] No user IP repositories specified
INFO: [IP_Flow 19-2313] Loaded Vivado IP repository 'E:/Xilinx/Vivado/2018.3/data/ip'.
open_project: Time (s): cpu = 00:00:32 ; elapsed = 00:00:34 . Memory (MB): peak = 787.414 ; gain = 187.730
update_compile_order -fileset sources_1
reset_run synth_1
launch_runs synth_1 -jobs 8
[Fri May 31 01:40:16 2019] Launched synth_1...
Run output will be captured here: C:/Users/stefa/Desktop/Proiect SCID/SCID_Autorizatie/Autorizatie/Autorizatie.runs/synth_1/runme.log
launch_runs impl_1 -jobs 8
[Fri May 31 01:44:17 2019] Launched impl_1...
Run output will be captured here: C:/Users/stefa/Desktop/Proiect SCID/SCID_Autorizatie/Autorizatie/Autorizatie.runs/impl_1/runme.log
launch_runs impl_1 -to_step write_bitstream -jobs 8
[Fri May 31 01:46:49 2019] Launched impl_1...
Run output will be captured here: C:/Users/stefa/Desktop/Proiect SCID/SCID_Autorizatie/Autorizatie/Autorizatie.runs/impl_1/runme.log
